<?xml version="1.0" encoding="UTF-8"?>
<!-- Generated by org.testng.reporters.JUnitReportReporter -->
<testsuite hostname="DESKTOP-TJVM91P" failures="0" tests="1" name="Automation101.Automation101APICucumber.AppTest" time="0.014" errors="0" timestamp="2022-02-11T11:37:43 GMT" skipped="0">
  <testcase classname="Automation101.Automation101APICucumber.AppTest" name="shouldAnswerWithTrue" time="0.014"/>
  <system-out/>
</testsuite> <!-- Automation101.Automation101APICucumber.AppTest -->
